ARM GAS  /tmp/ccYKOtUR.s 			page 1


   1              		.cpu cortex-m4
   2              		.eabi_attribute 27, 1
   3              		.eabi_attribute 28, 1
   4              		.eabi_attribute 20, 1
   5              		.eabi_attribute 21, 1
   6              		.eabi_attribute 23, 3
   7              		.eabi_attribute 24, 1
   8              		.eabi_attribute 25, 1
   9              		.eabi_attribute 26, 1
  10              		.eabi_attribute 30, 1
  11              		.eabi_attribute 34, 1
  12              		.eabi_attribute 18, 4
  13              		.file	"stm32f4xx_it.c"
  14              		.text
  15              	.Ltext0:
  16              		.cfi_sections	.debug_frame
  17              		.section	.text.NMI_Handler,"ax",%progbits
  18              		.align	1
  19              		.global	NMI_Handler
  20              		.syntax unified
  21              		.thumb
  22              		.thumb_func
  23              		.fpu fpv4-sp-d16
  25              	NMI_Handler:
  26              	.LFB130:
  27              		.file 1 "Core/Src/stm32f4xx_it.c"
   1:Core/Src/stm32f4xx_it.c **** /* USER CODE BEGIN Header */
   2:Core/Src/stm32f4xx_it.c **** /**
   3:Core/Src/stm32f4xx_it.c ****   ******************************************************************************
   4:Core/Src/stm32f4xx_it.c ****   * @file    stm32f4xx_it.c
   5:Core/Src/stm32f4xx_it.c ****   * @brief   Interrupt Service Routines.
   6:Core/Src/stm32f4xx_it.c ****   ******************************************************************************
   7:Core/Src/stm32f4xx_it.c ****   * @attention
   8:Core/Src/stm32f4xx_it.c ****   *
   9:Core/Src/stm32f4xx_it.c ****   * <h2><center>&copy; Copyright (c) 2021 STMicroelectronics.
  10:Core/Src/stm32f4xx_it.c ****   * All rights reserved.</center></h2>
  11:Core/Src/stm32f4xx_it.c ****   *
  12:Core/Src/stm32f4xx_it.c ****   * This software component is licensed by ST under BSD 3-Clause license,
  13:Core/Src/stm32f4xx_it.c ****   * the "License"; You may not use this file except in compliance with the
  14:Core/Src/stm32f4xx_it.c ****   * License. You may obtain a copy of the License at:
  15:Core/Src/stm32f4xx_it.c ****   *                        opensource.org/licenses/BSD-3-Clause
  16:Core/Src/stm32f4xx_it.c ****   *
  17:Core/Src/stm32f4xx_it.c ****   ******************************************************************************
  18:Core/Src/stm32f4xx_it.c ****   */
  19:Core/Src/stm32f4xx_it.c **** /* USER CODE END Header */
  20:Core/Src/stm32f4xx_it.c **** 
  21:Core/Src/stm32f4xx_it.c **** /* Includes ------------------------------------------------------------------*/
  22:Core/Src/stm32f4xx_it.c **** #include "main.h"
  23:Core/Src/stm32f4xx_it.c **** #include "stm32f4xx_it.h"
  24:Core/Src/stm32f4xx_it.c **** /* Private includes ----------------------------------------------------------*/
  25:Core/Src/stm32f4xx_it.c **** /* USER CODE BEGIN Includes */
  26:Core/Src/stm32f4xx_it.c **** /* USER CODE END Includes */
  27:Core/Src/stm32f4xx_it.c **** 
  28:Core/Src/stm32f4xx_it.c **** /* Private typedef -----------------------------------------------------------*/
  29:Core/Src/stm32f4xx_it.c **** /* USER CODE BEGIN TD */
  30:Core/Src/stm32f4xx_it.c **** 
  31:Core/Src/stm32f4xx_it.c **** /* USER CODE END TD */
ARM GAS  /tmp/ccYKOtUR.s 			page 2


  32:Core/Src/stm32f4xx_it.c **** 
  33:Core/Src/stm32f4xx_it.c **** /* Private define ------------------------------------------------------------*/
  34:Core/Src/stm32f4xx_it.c **** /* USER CODE BEGIN PD */
  35:Core/Src/stm32f4xx_it.c **** 
  36:Core/Src/stm32f4xx_it.c **** /* USER CODE END PD */
  37:Core/Src/stm32f4xx_it.c **** 
  38:Core/Src/stm32f4xx_it.c **** /* Private macro -------------------------------------------------------------*/
  39:Core/Src/stm32f4xx_it.c **** /* USER CODE BEGIN PM */
  40:Core/Src/stm32f4xx_it.c **** 
  41:Core/Src/stm32f4xx_it.c **** /* USER CODE END PM */
  42:Core/Src/stm32f4xx_it.c **** 
  43:Core/Src/stm32f4xx_it.c **** /* Private variables ---------------------------------------------------------*/
  44:Core/Src/stm32f4xx_it.c **** /* USER CODE BEGIN PV */
  45:Core/Src/stm32f4xx_it.c **** 
  46:Core/Src/stm32f4xx_it.c **** /* USER CODE END PV */
  47:Core/Src/stm32f4xx_it.c **** 
  48:Core/Src/stm32f4xx_it.c **** /* Private function prototypes -----------------------------------------------*/
  49:Core/Src/stm32f4xx_it.c **** /* USER CODE BEGIN PFP */
  50:Core/Src/stm32f4xx_it.c **** 
  51:Core/Src/stm32f4xx_it.c **** /* USER CODE END PFP */
  52:Core/Src/stm32f4xx_it.c **** 
  53:Core/Src/stm32f4xx_it.c **** /* Private user code ---------------------------------------------------------*/
  54:Core/Src/stm32f4xx_it.c **** /* USER CODE BEGIN 0 */
  55:Core/Src/stm32f4xx_it.c **** 
  56:Core/Src/stm32f4xx_it.c **** /* USER CODE END 0 */
  57:Core/Src/stm32f4xx_it.c **** 
  58:Core/Src/stm32f4xx_it.c **** /* External variables --------------------------------------------------------*/
  59:Core/Src/stm32f4xx_it.c **** 
  60:Core/Src/stm32f4xx_it.c **** /* USER CODE BEGIN EV */
  61:Core/Src/stm32f4xx_it.c **** 
  62:Core/Src/stm32f4xx_it.c **** /* USER CODE END EV */
  63:Core/Src/stm32f4xx_it.c **** 
  64:Core/Src/stm32f4xx_it.c **** /******************************************************************************/
  65:Core/Src/stm32f4xx_it.c **** /*           Cortex-M4 Processor Interruption and Exception Handlers          */
  66:Core/Src/stm32f4xx_it.c **** /******************************************************************************/
  67:Core/Src/stm32f4xx_it.c **** /**
  68:Core/Src/stm32f4xx_it.c ****   * @brief This function handles Non maskable interrupt.
  69:Core/Src/stm32f4xx_it.c ****   */
  70:Core/Src/stm32f4xx_it.c **** void NMI_Handler(void)
  71:Core/Src/stm32f4xx_it.c **** {
  28              		.loc 1 71 0
  29              		.cfi_startproc
  30              		@ Volatile: function does not return.
  31              		@ args = 0, pretend = 0, frame = 0
  32              		@ frame_needed = 0, uses_anonymous_args = 0
  33              		@ link register save eliminated.
  34              	.L2:
  35 0000 FEE7     		b	.L2
  36              		.cfi_endproc
  37              	.LFE130:
  39              		.section	.text.HardFault_Handler,"ax",%progbits
  40              		.align	1
  41              		.global	HardFault_Handler
  42              		.syntax unified
  43              		.thumb
  44              		.thumb_func
  45              		.fpu fpv4-sp-d16
ARM GAS  /tmp/ccYKOtUR.s 			page 3


  47              	HardFault_Handler:
  48              	.LFB131:
  72:Core/Src/stm32f4xx_it.c ****   /* USER CODE BEGIN NonMaskableInt_IRQn 0 */
  73:Core/Src/stm32f4xx_it.c **** 
  74:Core/Src/stm32f4xx_it.c ****   /* USER CODE END NonMaskableInt_IRQn 0 */
  75:Core/Src/stm32f4xx_it.c ****   /* USER CODE BEGIN NonMaskableInt_IRQn 1 */
  76:Core/Src/stm32f4xx_it.c ****   while (1)
  77:Core/Src/stm32f4xx_it.c ****   {
  78:Core/Src/stm32f4xx_it.c ****   }
  79:Core/Src/stm32f4xx_it.c ****   /* USER CODE END NonMaskableInt_IRQn 1 */
  80:Core/Src/stm32f4xx_it.c **** }
  81:Core/Src/stm32f4xx_it.c **** 
  82:Core/Src/stm32f4xx_it.c **** /**
  83:Core/Src/stm32f4xx_it.c ****   * @brief This function handles Hard fault interrupt.
  84:Core/Src/stm32f4xx_it.c ****   */
  85:Core/Src/stm32f4xx_it.c **** void HardFault_Handler(void)
  86:Core/Src/stm32f4xx_it.c **** {
  49              		.loc 1 86 0
  50              		.cfi_startproc
  51              		@ Volatile: function does not return.
  52              		@ args = 0, pretend = 0, frame = 0
  53              		@ frame_needed = 0, uses_anonymous_args = 0
  54              		@ link register save eliminated.
  55              	.L4:
  56 0000 FEE7     		b	.L4
  57              		.cfi_endproc
  58              	.LFE131:
  60              		.section	.text.MemManage_Handler,"ax",%progbits
  61              		.align	1
  62              		.global	MemManage_Handler
  63              		.syntax unified
  64              		.thumb
  65              		.thumb_func
  66              		.fpu fpv4-sp-d16
  68              	MemManage_Handler:
  69              	.LFB132:
  87:Core/Src/stm32f4xx_it.c ****   /* USER CODE BEGIN HardFault_IRQn 0 */
  88:Core/Src/stm32f4xx_it.c **** 
  89:Core/Src/stm32f4xx_it.c ****   /* USER CODE END HardFault_IRQn 0 */
  90:Core/Src/stm32f4xx_it.c ****   while (1)
  91:Core/Src/stm32f4xx_it.c ****   {
  92:Core/Src/stm32f4xx_it.c ****     /* USER CODE BEGIN W1_HardFault_IRQn 0 */
  93:Core/Src/stm32f4xx_it.c ****     /* USER CODE END W1_HardFault_IRQn 0 */
  94:Core/Src/stm32f4xx_it.c ****   }
  95:Core/Src/stm32f4xx_it.c **** }
  96:Core/Src/stm32f4xx_it.c **** 
  97:Core/Src/stm32f4xx_it.c **** /**
  98:Core/Src/stm32f4xx_it.c ****   * @brief This function handles Memory management fault.
  99:Core/Src/stm32f4xx_it.c ****   */
 100:Core/Src/stm32f4xx_it.c **** void MemManage_Handler(void)
 101:Core/Src/stm32f4xx_it.c **** {
  70              		.loc 1 101 0
  71              		.cfi_startproc
  72              		@ Volatile: function does not return.
  73              		@ args = 0, pretend = 0, frame = 0
  74              		@ frame_needed = 0, uses_anonymous_args = 0
  75              		@ link register save eliminated.
ARM GAS  /tmp/ccYKOtUR.s 			page 4


  76              	.L6:
  77 0000 FEE7     		b	.L6
  78              		.cfi_endproc
  79              	.LFE132:
  81              		.section	.text.BusFault_Handler,"ax",%progbits
  82              		.align	1
  83              		.global	BusFault_Handler
  84              		.syntax unified
  85              		.thumb
  86              		.thumb_func
  87              		.fpu fpv4-sp-d16
  89              	BusFault_Handler:
  90              	.LFB133:
 102:Core/Src/stm32f4xx_it.c ****   /* USER CODE BEGIN MemoryManagement_IRQn 0 */
 103:Core/Src/stm32f4xx_it.c **** 
 104:Core/Src/stm32f4xx_it.c ****   /* USER CODE END MemoryManagement_IRQn 0 */
 105:Core/Src/stm32f4xx_it.c ****   while (1)
 106:Core/Src/stm32f4xx_it.c ****   {
 107:Core/Src/stm32f4xx_it.c ****     /* USER CODE BEGIN W1_MemoryManagement_IRQn 0 */
 108:Core/Src/stm32f4xx_it.c ****     /* USER CODE END W1_MemoryManagement_IRQn 0 */
 109:Core/Src/stm32f4xx_it.c ****   }
 110:Core/Src/stm32f4xx_it.c **** }
 111:Core/Src/stm32f4xx_it.c **** 
 112:Core/Src/stm32f4xx_it.c **** /**
 113:Core/Src/stm32f4xx_it.c ****   * @brief This function handles Pre-fetch fault, memory access fault.
 114:Core/Src/stm32f4xx_it.c ****   */
 115:Core/Src/stm32f4xx_it.c **** void BusFault_Handler(void)
 116:Core/Src/stm32f4xx_it.c **** {
  91              		.loc 1 116 0
  92              		.cfi_startproc
  93              		@ Volatile: function does not return.
  94              		@ args = 0, pretend = 0, frame = 0
  95              		@ frame_needed = 0, uses_anonymous_args = 0
  96              		@ link register save eliminated.
  97              	.L8:
  98 0000 FEE7     		b	.L8
  99              		.cfi_endproc
 100              	.LFE133:
 102              		.section	.text.UsageFault_Handler,"ax",%progbits
 103              		.align	1
 104              		.global	UsageFault_Handler
 105              		.syntax unified
 106              		.thumb
 107              		.thumb_func
 108              		.fpu fpv4-sp-d16
 110              	UsageFault_Handler:
 111              	.LFB134:
 117:Core/Src/stm32f4xx_it.c ****   /* USER CODE BEGIN BusFault_IRQn 0 */
 118:Core/Src/stm32f4xx_it.c **** 
 119:Core/Src/stm32f4xx_it.c ****   /* USER CODE END BusFault_IRQn 0 */
 120:Core/Src/stm32f4xx_it.c ****   while (1)
 121:Core/Src/stm32f4xx_it.c ****   {
 122:Core/Src/stm32f4xx_it.c ****     /* USER CODE BEGIN W1_BusFault_IRQn 0 */
 123:Core/Src/stm32f4xx_it.c ****     /* USER CODE END W1_BusFault_IRQn 0 */
 124:Core/Src/stm32f4xx_it.c ****   }
 125:Core/Src/stm32f4xx_it.c **** }
 126:Core/Src/stm32f4xx_it.c **** 
ARM GAS  /tmp/ccYKOtUR.s 			page 5


 127:Core/Src/stm32f4xx_it.c **** /**
 128:Core/Src/stm32f4xx_it.c ****   * @brief This function handles Undefined instruction or illegal state.
 129:Core/Src/stm32f4xx_it.c ****   */
 130:Core/Src/stm32f4xx_it.c **** void UsageFault_Handler(void)
 131:Core/Src/stm32f4xx_it.c **** {
 112              		.loc 1 131 0
 113              		.cfi_startproc
 114              		@ Volatile: function does not return.
 115              		@ args = 0, pretend = 0, frame = 0
 116              		@ frame_needed = 0, uses_anonymous_args = 0
 117              		@ link register save eliminated.
 118              	.L10:
 119 0000 FEE7     		b	.L10
 120              		.cfi_endproc
 121              	.LFE134:
 123              		.section	.text.SVC_Handler,"ax",%progbits
 124              		.align	1
 125              		.global	SVC_Handler
 126              		.syntax unified
 127              		.thumb
 128              		.thumb_func
 129              		.fpu fpv4-sp-d16
 131              	SVC_Handler:
 132              	.LFB135:
 132:Core/Src/stm32f4xx_it.c ****   /* USER CODE BEGIN UsageFault_IRQn 0 */
 133:Core/Src/stm32f4xx_it.c **** 
 134:Core/Src/stm32f4xx_it.c ****   /* USER CODE END UsageFault_IRQn 0 */
 135:Core/Src/stm32f4xx_it.c ****   while (1)
 136:Core/Src/stm32f4xx_it.c ****   {
 137:Core/Src/stm32f4xx_it.c ****     /* USER CODE BEGIN W1_UsageFault_IRQn 0 */
 138:Core/Src/stm32f4xx_it.c ****     /* USER CODE END W1_UsageFault_IRQn 0 */
 139:Core/Src/stm32f4xx_it.c ****   }
 140:Core/Src/stm32f4xx_it.c **** }
 141:Core/Src/stm32f4xx_it.c **** 
 142:Core/Src/stm32f4xx_it.c **** /**
 143:Core/Src/stm32f4xx_it.c ****   * @brief This function handles System service call via SWI instruction.
 144:Core/Src/stm32f4xx_it.c ****   */
 145:Core/Src/stm32f4xx_it.c **** void SVC_Handler(void)
 146:Core/Src/stm32f4xx_it.c **** {
 133              		.loc 1 146 0
 134              		.cfi_startproc
 135              		@ args = 0, pretend = 0, frame = 0
 136              		@ frame_needed = 0, uses_anonymous_args = 0
 137              		@ link register save eliminated.
 138 0000 7047     		bx	lr
 139              		.cfi_endproc
 140              	.LFE135:
 142              		.section	.text.DebugMon_Handler,"ax",%progbits
 143              		.align	1
 144              		.global	DebugMon_Handler
 145              		.syntax unified
 146              		.thumb
 147              		.thumb_func
 148              		.fpu fpv4-sp-d16
 150              	DebugMon_Handler:
 151              	.LFB136:
 147:Core/Src/stm32f4xx_it.c ****   /* USER CODE BEGIN SVCall_IRQn 0 */
ARM GAS  /tmp/ccYKOtUR.s 			page 6


 148:Core/Src/stm32f4xx_it.c **** 
 149:Core/Src/stm32f4xx_it.c ****   /* USER CODE END SVCall_IRQn 0 */
 150:Core/Src/stm32f4xx_it.c ****   /* USER CODE BEGIN SVCall_IRQn 1 */
 151:Core/Src/stm32f4xx_it.c **** 
 152:Core/Src/stm32f4xx_it.c ****   /* USER CODE END SVCall_IRQn 1 */
 153:Core/Src/stm32f4xx_it.c **** }
 154:Core/Src/stm32f4xx_it.c **** 
 155:Core/Src/stm32f4xx_it.c **** /**
 156:Core/Src/stm32f4xx_it.c ****   * @brief This function handles Debug monitor.
 157:Core/Src/stm32f4xx_it.c ****   */
 158:Core/Src/stm32f4xx_it.c **** void DebugMon_Handler(void)
 159:Core/Src/stm32f4xx_it.c **** {
 152              		.loc 1 159 0
 153              		.cfi_startproc
 154              		@ args = 0, pretend = 0, frame = 0
 155              		@ frame_needed = 0, uses_anonymous_args = 0
 156              		@ link register save eliminated.
 157 0000 7047     		bx	lr
 158              		.cfi_endproc
 159              	.LFE136:
 161              		.section	.text.PendSV_Handler,"ax",%progbits
 162              		.align	1
 163              		.global	PendSV_Handler
 164              		.syntax unified
 165              		.thumb
 166              		.thumb_func
 167              		.fpu fpv4-sp-d16
 169              	PendSV_Handler:
 170              	.LFB137:
 160:Core/Src/stm32f4xx_it.c ****   /* USER CODE BEGIN DebugMonitor_IRQn 0 */
 161:Core/Src/stm32f4xx_it.c **** 
 162:Core/Src/stm32f4xx_it.c ****   /* USER CODE END DebugMonitor_IRQn 0 */
 163:Core/Src/stm32f4xx_it.c ****   /* USER CODE BEGIN DebugMonitor_IRQn 1 */
 164:Core/Src/stm32f4xx_it.c **** 
 165:Core/Src/stm32f4xx_it.c ****   /* USER CODE END DebugMonitor_IRQn 1 */
 166:Core/Src/stm32f4xx_it.c **** }
 167:Core/Src/stm32f4xx_it.c **** 
 168:Core/Src/stm32f4xx_it.c **** /**
 169:Core/Src/stm32f4xx_it.c ****   * @brief This function handles Pendable request for system service.
 170:Core/Src/stm32f4xx_it.c ****   */
 171:Core/Src/stm32f4xx_it.c **** void PendSV_Handler(void)
 172:Core/Src/stm32f4xx_it.c **** {
 171              		.loc 1 172 0
 172              		.cfi_startproc
 173              		@ args = 0, pretend = 0, frame = 0
 174              		@ frame_needed = 0, uses_anonymous_args = 0
 175              		@ link register save eliminated.
 176 0000 7047     		bx	lr
 177              		.cfi_endproc
 178              	.LFE137:
 180              		.section	.text.SysTick_Handler,"ax",%progbits
 181              		.align	1
 182              		.global	SysTick_Handler
 183              		.syntax unified
 184              		.thumb
 185              		.thumb_func
 186              		.fpu fpv4-sp-d16
ARM GAS  /tmp/ccYKOtUR.s 			page 7


 188              	SysTick_Handler:
 189              	.LFB138:
 173:Core/Src/stm32f4xx_it.c ****   /* USER CODE BEGIN PendSV_IRQn 0 */
 174:Core/Src/stm32f4xx_it.c **** 
 175:Core/Src/stm32f4xx_it.c ****   /* USER CODE END PendSV_IRQn 0 */
 176:Core/Src/stm32f4xx_it.c ****   /* USER CODE BEGIN PendSV_IRQn 1 */
 177:Core/Src/stm32f4xx_it.c **** 
 178:Core/Src/stm32f4xx_it.c ****   /* USER CODE END PendSV_IRQn 1 */
 179:Core/Src/stm32f4xx_it.c **** }
 180:Core/Src/stm32f4xx_it.c **** 
 181:Core/Src/stm32f4xx_it.c **** /**
 182:Core/Src/stm32f4xx_it.c ****   * @brief This function handles System tick timer.
 183:Core/Src/stm32f4xx_it.c ****   */
 184:Core/Src/stm32f4xx_it.c **** void SysTick_Handler(void)
 185:Core/Src/stm32f4xx_it.c **** {
 190              		.loc 1 185 0
 191              		.cfi_startproc
 192              		@ args = 0, pretend = 0, frame = 0
 193              		@ frame_needed = 0, uses_anonymous_args = 0
 194              		.loc 1 185 0
 195 0000 08B5     		push	{r3, lr}
 196              	.LCFI0:
 197              		.cfi_def_cfa_offset 8
 198              		.cfi_offset 3, -8
 199              		.cfi_offset 14, -4
 186:Core/Src/stm32f4xx_it.c ****   /* USER CODE BEGIN SysTick_IRQn 0 */
 187:Core/Src/stm32f4xx_it.c **** 
 188:Core/Src/stm32f4xx_it.c ****   /* USER CODE END SysTick_IRQn 0 */
 189:Core/Src/stm32f4xx_it.c ****   HAL_IncTick();
 200              		.loc 1 189 0
 201 0002 FFF7FEFF 		bl	HAL_IncTick
 202              	.LVL0:
 203 0006 08BD     		pop	{r3, pc}
 204              		.cfi_endproc
 205              	.LFE138:
 207              		.text
 208              	.Letext0:
 209              		.file 2 "/usr/include/newlib/machine/_default_types.h"
 210              		.file 3 "/usr/include/newlib/sys/_stdint.h"
 211              		.file 4 "Drivers/CMSIS/Include/core_cm4.h"
 212              		.file 5 "Drivers/CMSIS/Device/ST/STM32F4xx/Include/system_stm32f4xx.h"
 213              		.file 6 "Drivers/STM32F4xx_HAL_Driver/Inc/stm32f4xx_hal.h"
ARM GAS  /tmp/ccYKOtUR.s 			page 8


DEFINED SYMBOLS
                            *ABS*:0000000000000000 stm32f4xx_it.c
     /tmp/ccYKOtUR.s:18     .text.NMI_Handler:0000000000000000 $t
     /tmp/ccYKOtUR.s:25     .text.NMI_Handler:0000000000000000 NMI_Handler
     /tmp/ccYKOtUR.s:40     .text.HardFault_Handler:0000000000000000 $t
     /tmp/ccYKOtUR.s:47     .text.HardFault_Handler:0000000000000000 HardFault_Handler
     /tmp/ccYKOtUR.s:61     .text.MemManage_Handler:0000000000000000 $t
     /tmp/ccYKOtUR.s:68     .text.MemManage_Handler:0000000000000000 MemManage_Handler
     /tmp/ccYKOtUR.s:82     .text.BusFault_Handler:0000000000000000 $t
     /tmp/ccYKOtUR.s:89     .text.BusFault_Handler:0000000000000000 BusFault_Handler
     /tmp/ccYKOtUR.s:103    .text.UsageFault_Handler:0000000000000000 $t
     /tmp/ccYKOtUR.s:110    .text.UsageFault_Handler:0000000000000000 UsageFault_Handler
     /tmp/ccYKOtUR.s:124    .text.SVC_Handler:0000000000000000 $t
     /tmp/ccYKOtUR.s:131    .text.SVC_Handler:0000000000000000 SVC_Handler
     /tmp/ccYKOtUR.s:143    .text.DebugMon_Handler:0000000000000000 $t
     /tmp/ccYKOtUR.s:150    .text.DebugMon_Handler:0000000000000000 DebugMon_Handler
     /tmp/ccYKOtUR.s:162    .text.PendSV_Handler:0000000000000000 $t
     /tmp/ccYKOtUR.s:169    .text.PendSV_Handler:0000000000000000 PendSV_Handler
     /tmp/ccYKOtUR.s:181    .text.SysTick_Handler:0000000000000000 $t
     /tmp/ccYKOtUR.s:188    .text.SysTick_Handler:0000000000000000 SysTick_Handler
                     .debug_frame:0000000000000010 $d

UNDEFINED SYMBOLS
HAL_IncTick
